Command line invocation:
    /Applications/Xcode.app/Contents/Developer/usr/bin/xcodebuild -project Hype.xcodeproj -scheme Hype -sdk iphonesimulator -configuration Debug build

Build settings from command line:
    SDKROOT = iphonesimulator26.0

Resolve Package Graph


Resolved source packages:
  GRDB: https://github.com/groue/GRDB.swift.git @ 7.10.0
  TikTokOpenSDK: https://github.com/tiktok/tiktok-opensdk-ios @ main (cb0cdc7)

2026-02-26 02:44:42.233 xcodebuild[52384:23888732] [MT] IDERunDestination: Supported platforms for the buildables in the current scheme is empty.
--- xcodebuild: WARNING: Using the first of multiple matching destinations:
{ platform:iOS Simulator, id:dvtdevice-DVTiOSDeviceSimulatorPlaceholder-iphonesimulator:placeholder, name:Any iOS Simulator Device }
{ platform:iOS Simulator, arch:arm64, id:6874862D-CEFD-4967-A227-3D3FDBCE4552, OS:26.0.1, name:iPad (A16) }
{ platform:iOS Simulator, arch:arm64, id:26005807-169C-4845-8AAC-6751ECAABC02, OS:26.0.1, name:iPad Air 11-inch (M3) }
{ platform:iOS Simulator, arch:arm64, id:85735C86-16A7-41A2-A148-376DA23F033C, OS:26.0.1, name:iPad Air 13-inch (M3) }
{ platform:iOS Simulator, arch:arm64, id:8A48A812-175C-4121-BD75-1075D578A3C7, OS:26.0.1, name:iPad Pro 11-inch (M4) }
{ platform:iOS Simulator, arch:arm64, id:3AFED6F1-FB03-4A8D-A5B0-6204788BBC8E, OS:26.0.1, name:iPad Pro 13-inch (M4) }
{ platform:iOS Simulator, arch:arm64, id:04B227F5-77E1-4BC3-89B5-D3A551276065, OS:26.0.1, name:iPad mini (A17 Pro) }
{ platform:iOS Simulator, arch:arm64, id:7D2E0221-FF1C-4F47-ADE8-C461452924DB, OS:26.0.1, name:iPhone 16e }
{ platform:iOS Simulator, arch:arm64, id:673D31A1-5FEF-4DAF-A608-4617F48E500F, OS:26.0.1, name:iPhone 17 }
{ platform:iOS Simulator, arch:arm64, id:21F93464-7866-41D4-A28D-BE8BCA71189D, OS:26.0.1, name:iPhone 17 Pro }
{ platform:iOS Simulator, arch:arm64, id:1A0F6DC7-3DD0-4571-87ED-B179ED6C91AE, OS:26.0.1, name:iPhone 17 Pro Max }
{ platform:iOS Simulator, arch:arm64, id:195C0D75-6035-43AF-9E47-22CCD120D2DA, OS:26.0.1, name:iPhone Air }
{ platform:iOS, id:dvtdevice-DVTiPhonePlaceholder-iphoneos:placeholder, name:Any iOS Device }
{ platform:iOS, arch:arm64, id:00008120-00182C260250A01E, name:Chico’s iPhone }
ComputePackagePrebuildTargetDependencyGraph

Prepare packages

CreateBuildRequest

SendProjectDescription

CreateBuildOperation

ComputeTargetDependencyGraph
note: Building targets in dependency order
note: Target dependency graph (13 targets)
    Target 'Hype' in project 'Hype'
        ➜ Explicit dependency on target 'TikTokOpenSDKCore' in project 'TikTokOpenSDK'
        ➜ Explicit dependency on target 'GRDB' in project 'GRDB'
        ➜ Explicit dependency on target 'TikTokOpenAuthSDK' in project 'TikTokOpenSDK'
        ➜ Explicit dependency on target 'TikTokOpenShareSDK' in project 'TikTokOpenSDK'
    Target 'TikTokOpenShareSDK' in project 'TikTokOpenSDK'
        ➜ Explicit dependency on target 'TikTokOpenShareSDK' in project 'TikTokOpenSDK'
        ➜ Explicit dependency on target 'TikTokOpenSDK_TikTokOpenShareSDK' in project 'TikTokOpenSDK'
        ➜ Explicit dependency on target 'TikTokOpenSDKCore' in project 'TikTokOpenSDK'
    Target 'TikTokOpenShareSDK' in project 'TikTokOpenSDK'
        ➜ Explicit dependency on target 'TikTokOpenSDK_TikTokOpenShareSDK' in project 'TikTokOpenSDK'
        ➜ Explicit dependency on target 'TikTokOpenSDKCore' in project 'TikTokOpenSDK'
    Target 'TikTokOpenSDK_TikTokOpenShareSDK' in project 'TikTokOpenSDK' (no dependencies)
    Target 'TikTokOpenAuthSDK' in project 'TikTokOpenSDK'
        ➜ Explicit dependency on target 'TikTokOpenAuthSDK' in project 'TikTokOpenSDK'
        ➜ Explicit dependency on target 'TikTokOpenSDKCore' in project 'TikTokOpenSDK'
    Target 'TikTokOpenAuthSDK' in project 'TikTokOpenSDK'
        ➜ Explicit dependency on target 'TikTokOpenSDKCore' in project 'TikTokOpenSDK'
    Target 'GRDB' in project 'GRDB'
        ➜ Explicit dependency on target 'GRDB' in project 'GRDB'
        ➜ Explicit dependency on target 'GRDB_GRDB' in project 'GRDB'
    Target 'GRDB' in project 'GRDB'
        ➜ Explicit dependency on target 'GRDB_GRDB' in project 'GRDB'
        ➜ Explicit dependency on target 'GRDBSQLite' in project 'GRDB'
    Target 'GRDBSQLite' in project 'GRDB' (no dependencies)
    Target 'GRDB_GRDB' in project 'GRDB' (no dependencies)
    Target 'TikTokOpenSDKCore' in project 'TikTokOpenSDK'
        ➜ Explicit dependency on target 'TikTokOpenSDKCore' in project 'TikTokOpenSDK'
        ➜ Explicit dependency on target 'TikTokOpenSDK_TikTokOpenSDKCore' in project 'TikTokOpenSDK'
    Target 'TikTokOpenSDKCore' in project 'TikTokOpenSDK'
        ➜ Explicit dependency on target 'TikTokOpenSDK_TikTokOpenSDKCore' in project 'TikTokOpenSDK'
    Target 'TikTokOpenSDK_TikTokOpenSDKCore' in project 'TikTokOpenSDK' (no dependencies)

GatherProvisioningInputs

CreateBuildDescription

ExecuteExternalTool /Applications/Xcode.app/Contents/Developer/Toolchains/XcodeDefault.xctoolchain/usr/bin/swiftc --version

ExecuteExternalTool /Applications/Xcode.app/Contents/Developer/Toolchains/XcodeDefault.xctoolchain/usr/bin/clang -v -E -dM -isysroot /Applications/Xcode.app/Contents/Developer/Platforms/iPhoneSimulator.platform/Developer/SDKs/iPhoneSimulator26.0.sdk -x c -c /dev/null

ExecuteExternalTool /Applications/Xcode.app/Contents/Developer/usr/bin/actool --print-asset-tag-combinations --output-format xml1 /Users/daboyuuhteekay/Desktop/WTK STUDIO/Hype/Hype/Assets.xcassets

ExecuteExternalTool /Applications/Xcode.app/Contents/Developer/usr/bin/actool --version --output-format xml1

ExecuteExternalTool /Applications/Xcode.app/Contents/Developer/Toolchains/XcodeDefault.xctoolchain/usr/bin/ld -version_details

ReadFileContents /Applications/Xcode.app/Contents/Developer/Toolchains/XcodeDefault.xctoolchain/usr/share/docc/features.json

Build description signature: 9a86638d894edd855c0d53af434f1cbb
Build description path: /Users/daboyuuhteekay/Library/Developer/Xcode/DerivedData/Hype-eecwwfrrtenphngsszsoyttxcdbw/Build/Intermediates.noindex/XCBuildData/9a86638d894edd855c0d53af434f1cbb.xcbuilddata
ClangStatCache /Applications/Xcode.app/Contents/Developer/Toolchains/XcodeDefault.xctoolchain/usr/bin/clang-stat-cache /Applications/Xcode.app/Contents/Developer/Platforms/iPhoneSimulator.platform/Developer/SDKs/iPhoneSimulator26.0.sdk /Users/daboyuuhteekay/Library/Developer/Xcode/DerivedData/SDKStatCaches.noindex/iphonesimulator26.0-23A339-3885c01c3e6b6a337905948deab2002e26257891a6c027eb51374368541b8346.sdkstatcache
    cd /Users/daboyuuhteekay/Desktop/WTK\ STUDIO/Hype/Hype.xcodeproj
    /Applications/Xcode.app/Contents/Developer/Toolchains/XcodeDefault.xctoolchain/usr/bin/clang-stat-cache /Applications/Xcode.app/Contents/Developer/Platforms/iPhoneSimulator.platform/Developer/SDKs/iPhoneSimulator26.0.sdk -o /Users/daboyuuhteekay/Library/Developer/Xcode/DerivedData/SDKStatCaches.noindex/iphonesimulator26.0-23A339-3885c01c3e6b6a337905948deab2002e26257891a6c027eb51374368541b8346.sdkstatcache

ProcessInfoPlistFile /Users/daboyuuhteekay/Library/Developer/Xcode/DerivedData/Hype-eecwwfrrtenphngsszsoyttxcdbw/Build/Products/Debug-iphonesimulator/TikTokOpenSDK_TikTokOpenShareSDK.bundle/Info.plist /Users/daboyuuhteekay/Library/Developer/Xcode/DerivedData/Hype-eecwwfrrtenphngsszsoyttxcdbw/Build/Intermediates.noindex/TikTokOpenSDK.build/Debug-iphonesimulator/TikTokOpenSDK_TikTokOpenShareSDK.build/empty-TikTokOpenSDK_TikTokOpenShareSDK.plist (in target 'TikTokOpenSDK_TikTokOpenShareSDK' from project 'TikTokOpenSDK')
    cd /Users/daboyuuhteekay/Library/Developer/Xcode/DerivedData/Hype-eecwwfrrtenphngsszsoyttxcdbw/SourcePackages/checkouts/tiktok-opensdk-ios
    builtin-infoPlistUtility /Users/daboyuuhteekay/Library/Developer/Xcode/DerivedData/Hype-eecwwfrrtenphngsszsoyttxcdbw/Build/Intermediates.noindex/TikTokOpenSDK.build/Debug-iphonesimulator/TikTokOpenSDK_TikTokOpenShareSDK.build/empty-TikTokOpenSDK_TikTokOpenShareSDK.plist -producttype com.apple.product-type.bundle -expandbuildsettings -format binary -platform iphonesimulator -o /Users/daboyuuhteekay/Library/Developer/Xcode/DerivedData/Hype-eecwwfrrtenphngsszsoyttxcdbw/Build/Products/Debug-iphonesimulator/TikTokOpenSDK_TikTokOpenShareSDK.bundle/Info.plist

ProcessInfoPlistFile /Users/daboyuuhteekay/Library/Developer/Xcode/DerivedData/Hype-eecwwfrrtenphngsszsoyttxcdbw/Build/Products/Debug-iphonesimulator/GRDB_GRDB.bundle/Info.plist /Users/daboyuuhteekay/Library/Developer/Xcode/DerivedData/Hype-eecwwfrrtenphngsszsoyttxcdbw/Build/Intermediates.noindex/GRDB.build/Debug-iphonesimulator/GRDB_GRDB.build/empty-GRDB_GRDB.plist (in target 'GRDB_GRDB' from project 'GRDB')
    cd /Users/daboyuuhteekay/Library/Developer/Xcode/DerivedData/Hype-eecwwfrrtenphngsszsoyttxcdbw/SourcePackages/checkouts/GRDB.swift
    builtin-infoPlistUtility /Users/daboyuuhteekay/Library/Developer/Xcode/DerivedData/Hype-eecwwfrrtenphngsszsoyttxcdbw/Build/Intermediates.noindex/GRDB.build/Debug-iphonesimulator/GRDB_GRDB.build/empty-GRDB_GRDB.plist -producttype com.apple.product-type.bundle -expandbuildsettings -format binary -platform iphonesimulator -o /Users/daboyuuhteekay/Library/Developer/Xcode/DerivedData/Hype-eecwwfrrtenphngsszsoyttxcdbw/Build/Products/Debug-iphonesimulator/GRDB_GRDB.bundle/Info.plist

ProcessInfoPlistFile /Users/daboyuuhteekay/Library/Developer/Xcode/DerivedData/Hype-eecwwfrrtenphngsszsoyttxcdbw/Build/Products/Debug-iphonesimulator/TikTokOpenSDK_TikTokOpenSDKCore.bundle/Info.plist /Users/daboyuuhteekay/Library/Developer/Xcode/DerivedData/Hype-eecwwfrrtenphngsszsoyttxcdbw/Build/Intermediates.noindex/TikTokOpenSDK.build/Debug-iphonesimulator/TikTokOpenSDK_TikTokOpenSDKCore.build/empty-TikTokOpenSDK_TikTokOpenSDKCore.plist (in target 'TikTokOpenSDK_TikTokOpenSDKCore' from project 'TikTokOpenSDK')
    cd /Users/daboyuuhteekay/Library/Developer/Xcode/DerivedData/Hype-eecwwfrrtenphngsszsoyttxcdbw/SourcePackages/checkouts/tiktok-opensdk-ios
    builtin-infoPlistUtility /Users/daboyuuhteekay/Library/Developer/Xcode/DerivedData/Hype-eecwwfrrtenphngsszsoyttxcdbw/Build/Intermediates.noindex/TikTokOpenSDK.build/Debug-iphonesimulator/TikTokOpenSDK_TikTokOpenSDKCore.build/empty-TikTokOpenSDK_TikTokOpenSDKCore.plist -producttype com.apple.product-type.bundle -expandbuildsettings -format binary -platform iphonesimulator -o /Users/daboyuuhteekay/Library/Developer/Xcode/DerivedData/Hype-eecwwfrrtenphngsszsoyttxcdbw/Build/Products/Debug-iphonesimulator/TikTokOpenSDK_TikTokOpenSDKCore.bundle/Info.plist

note: Disabling hardened runtime with ad-hoc codesigning. (in target 'Hype' from project 'Hype')
ProcessProductPackaging "" /Users/daboyuuhteekay/Library/Developer/Xcode/DerivedData/Hype-eecwwfrrtenphngsszsoyttxcdbw/Build/Intermediates.noindex/Hype.build/Debug-iphonesimulator/Hype.build/Hype.app-Simulated.xcent (in target 'Hype' from project 'Hype')
    cd /Users/daboyuuhteekay/Desktop/WTK\ STUDIO/Hype
    
    Entitlements:
    
    {
    "application-identifier" = "244MDQY9QV.WTKstudios.Hype";
}
    
    builtin-productPackagingUtility -entitlements -format xml -o /Users/daboyuuhteekay/Library/Developer/Xcode/DerivedData/Hype-eecwwfrrtenphngsszsoyttxcdbw/Build/Intermediates.noindex/Hype.build/Debug-iphonesimulator/Hype.build/Hype.app-Simulated.xcent

ProcessProductPackagingDER /Users/daboyuuhteekay/Library/Developer/Xcode/DerivedData/Hype-eecwwfrrtenphngsszsoyttxcdbw/Build/Intermediates.noindex/Hype.build/Debug-iphonesimulator/Hype.build/Hype.app-Simulated.xcent /Users/daboyuuhteekay/Library/Developer/Xcode/DerivedData/Hype-eecwwfrrtenphngsszsoyttxcdbw/Build/Intermediates.noindex/Hype.build/Debug-iphonesimulator/Hype.build/Hype.app-Simulated.xcent.der (in target 'Hype' from project 'Hype')
    cd /Users/daboyuuhteekay/Desktop/WTK\ STUDIO/Hype
    /usr/bin/derq query -f xml -i /Users/daboyuuhteekay/Library/Developer/Xcode/DerivedData/Hype-eecwwfrrtenphngsszsoyttxcdbw/Build/Intermediates.noindex/Hype.build/Debug-iphonesimulator/Hype.build/Hype.app-Simulated.xcent -o /Users/daboyuuhteekay/Library/Developer/Xcode/DerivedData/Hype-eecwwfrrtenphngsszsoyttxcdbw/Build/Intermediates.noindex/Hype.build/Debug-iphonesimulator/Hype.build/Hype.app-Simulated.xcent.der --raw

SwiftDriver Hype normal arm64 com.apple.xcode.tools.swift.compiler (in target 'Hype' from project 'Hype')
    cd /Users/daboyuuhteekay/Desktop/WTK\ STUDIO/Hype
    builtin-SwiftDriver -- /Applications/Xcode.app/Contents/Developer/Toolchains/XcodeDefault.xctoolchain/usr/bin/swiftc -module-name Hype -Onone -enforce-exclusivity\=checked @/Users/daboyuuhteekay/Library/Developer/Xcode/DerivedData/Hype-eecwwfrrtenphngsszsoyttxcdbw/Build/Intermediates.noindex/Hype.build/Debug-iphonesimulator/Hype.build/Objects-normal/arm64/Hype.SwiftFileList -DDEBUG -Xcc -fmodule-map-file\=/Users/daboyuuhteekay/Library/Developer/Xcode/DerivedData/Hype-eecwwfrrtenphngsszsoyttxcdbw/SourcePackages/checkouts/GRDB.swift/Sources/GRDBSQLite/module.modulemap -default-isolation\=MainActor -enable-bare-slash-regex -enable-upcoming-feature DisableOutwardActorInference -enable-upcoming-feature InferSendableFromCaptures -enable-upcoming-feature GlobalActorIsolatedTypesUsability -enable-upcoming-feature MemberImportVisibility -enable-upcoming-feature InferIsolatedConformances -enable-upcoming-feature NonisolatedNonsendingByDefault -enable-experimental-feature DebugDescriptionMacro -sdk /Applications/Xcode.app/Contents/Developer/Platforms/iPhoneSimulator.platform/Developer/SDKs/iPhoneSimulator26.0.sdk -target arm64-apple-ios26.0-simulator -g -module-cache-path /Users/daboyuuhteekay/Library/Developer/Xcode/DerivedData/ModuleCache.noindex -Xfrontend -serialize-debugging-options -enable-testing -index-store-path /Users/daboyuuhteekay/Library/Developer/Xcode/DerivedData/Hype-eecwwfrrtenphngsszsoyttxcdbw/Index.noindex/DataStore -Xcc -D_LIBCPP_HARDENING_MODE\=_LIBCPP_HARDENING_MODE_DEBUG -swift-version 5 -I /Users/daboyuuhteekay/Library/Developer/Xcode/DerivedData/Hype-eecwwfrrtenphngsszsoyttxcdbw/Build/Products/Debug-iphonesimulator -F /Users/daboyuuhteekay/Library/Developer/Xcode/DerivedData/Hype-eecwwfrrtenphngsszsoyttxcdbw/Build/Products/Debug-iphonesimulator/PackageFrameworks -F /Users/daboyuuhteekay/Library/Developer/Xcode/DerivedData/Hype-eecwwfrrtenphngsszsoyttxcdbw/Build/Products/Debug-iphonesimulator/PackageFrameworks -F /Users/daboyuuhteekay/Library/Developer/Xcode/DerivedData/Hype-eecwwfrrtenphngsszsoyttxcdbw/Build/Products/Debug-iphonesimulator/PackageFrameworks -F /Users/daboyuuhteekay/Library/Developer/Xcode/DerivedData/Hype-eecwwfrrtenphngsszsoyttxcdbw/Build/Products/Debug-iphonesimulator/PackageFrameworks -F /Users/daboyuuhteekay/Library/Developer/Xcode/DerivedData/Hype-eecwwfrrtenphngsszsoyttxcdbw/Build/Products/Debug-iphonesimulator -emit-localized-strings -emit-localized-strings-path /Users/daboyuuhteekay/Library/Developer/Xcode/DerivedData/Hype-eecwwfrrtenphngsszsoyttxcdbw/Build/Intermediates.noindex/Hype.build/Debug-iphonesimulator/Hype.build/Objects-normal/arm64 -c -j8 -enable-batch-mode -incremental -Xcc -ivfsstatcache -Xcc /Users/daboyuuhteekay/Library/Developer/Xcode/DerivedData/SDKStatCaches.noindex/iphonesimulator26.0-23A339-3885c01c3e6b6a337905948deab2002e26257891a6c027eb51374368541b8346.sdkstatcache -output-file-map /Users/daboyuuhteekay/Library/Developer/Xcode/DerivedData/Hype-eecwwfrrtenphngsszsoyttxcdbw/Build/Intermediates.noindex/Hype.build/Debug-iphonesimulator/Hype.build/Objects-normal/arm64/Hype-OutputFileMap.json -use-frontend-parseable-output -save-temps -no-color-diagnostics -explicit-module-build -module-cache-path /Users/daboyuuhteekay/Library/Developer/Xcode/DerivedData/Hype-eecwwfrrtenphngsszsoyttxcdbw/Build/Intermediates.noindex/SwiftExplicitPrecompiledModules -clang-scanner-module-cache-path /Users/daboyuuhteekay/Library/Developer/Xcode/DerivedData/ModuleCache.noindex -sdk-module-cache-path /Users/daboyuuhteekay/Library/Developer/Xcode/DerivedData/ModuleCache.noindex -serialize-diagnostics -emit-dependencies -emit-module -emit-module-path /Users/daboyuuhteekay/Library/Developer/Xcode/DerivedData/Hype-eecwwfrrtenphngsszsoyttxcdbw/Build/Intermediates.noindex/Hype.build/Debug-iphonesimulator/Hype.build/Objects-normal/arm64/Hype.swiftmodule -validate-clang-modules-once -clang-build-session-file /Users/daboyuuhteekay/Library/Developer/Xcode/DerivedData/ModuleCache.noindex/Session.modulevalidation -Xcc -I/Users/daboyuuhteekay/Library/Developer/Xcode/DerivedData/Hype-eecwwfrrtenphngsszsoyttxcdbw/Build/Intermediates.noindex/Hype.build/Debug-iphonesimulator/Hype.build/swift-overrides.hmap -emit-const-values -Xfrontend -const-gather-protocols-file -Xfrontend /Users/daboyuuhteekay/Library/Developer/Xcode/DerivedData/Hype-eecwwfrrtenphngsszsoyttxcdbw/Build/Intermediates.noindex/Hype.build/Debug-iphonesimulator/Hype.build/Objects-normal/arm64/Hype_const_extract_protocols.json -Xcc -iquote -Xcc /Users/daboyuuhteekay/Library/Developer/Xcode/DerivedData/Hype-eecwwfrrtenphngsszsoyttxcdbw/Build/Intermediates.noindex/Hype.build/Debug-iphonesimulator/Hype.build/Hype-generated-files.hmap -Xcc -I/Users/daboyuuhteekay/Library/Developer/Xcode/DerivedData/Hype-eecwwfrrtenphngsszsoyttxcdbw/Build/Intermediates.noindex/Hype.build/Debug-iphonesimulator/Hype.build/Hype-own-target-headers.hmap -Xcc -I/Users/daboyuuhteekay/Library/Developer/Xcode/DerivedData/Hype-eecwwfrrtenphngsszsoyttxcdbw/Build/Intermediates.noindex/Hype.build/Debug-iphonesimulator/Hype.build/Hype-all-non-framework-target-headers.hmap -Xcc -ivfsoverlay -Xcc /Users/daboyuuhteekay/Library/Developer/Xcode/DerivedData/Hype-eecwwfrrtenphngsszsoyttxcdbw/Build/Intermediates.noindex/Hype.build/Debug-iphonesimulator/Hype-af363d75bb858fea3606e2be0ac3f840-VFS-iphonesimulator/all-product-headers.yaml -Xcc -iquote -Xcc /Users/daboyuuhteekay/Library/Developer/Xcode/DerivedData/Hype-eecwwfrrtenphngsszsoyttxcdbw/Build/Intermediates.noindex/Hype.build/Debug-iphonesimulator/Hype.build/Hype-project-headers.hmap -Xcc -I/Users/daboyuuhteekay/Library/Developer/Xcode/DerivedData/Hype-eecwwfrrtenphngsszsoyttxcdbw/Build/Products/Debug-iphonesimulator/include -Xcc -I/Users/daboyuuhteekay/Library/Developer/Xcode/DerivedData/Hype-eecwwfrrtenphngsszsoyttxcdbw/Build/Intermediates.noindex/Hype.build/Debug-iphonesimulator/Hype.build/DerivedSources-normal/arm64 -Xcc -I/Users/daboyuuhteekay/Library/Developer/Xcode/DerivedData/Hype-eecwwfrrtenphngsszsoyttxcdbw/Build/Intermediates.noindex/Hype.build/Debug-iphonesimulator/Hype.build/DerivedSources/arm64 -Xcc -I/Users/daboyuuhteekay/Library/Developer/Xcode/DerivedData/Hype-eecwwfrrtenphngsszsoyttxcdbw/Build/Intermediates.noindex/Hype.build/Debug-iphonesimulator/Hype.build/DerivedSources -Xcc -DDEBUG\=1 -emit-objc-header -emit-objc-header-path /Users/daboyuuhteekay/Library/Developer/Xcode/DerivedData/Hype-eecwwfrrtenphngsszsoyttxcdbw/Build/Intermediates.noindex/Hype.build/Debug-iphonesimulator/Hype.build/Objects-normal/arm64/Hype-Swift.h -working-directory /Users/daboyuuhteekay/Desktop/WTK\ STUDIO/Hype -experimental-emit-module-separately -disable-cmo

SwiftDriver Hype normal x86_64 com.apple.xcode.tools.swift.compiler (in target 'Hype' from project 'Hype')
    cd /Users/daboyuuhteekay/Desktop/WTK\ STUDIO/Hype
    builtin-SwiftDriver -- /Applications/Xcode.app/Contents/Developer/Toolchains/XcodeDefault.xctoolchain/usr/bin/swiftc -module-name Hype -Onone -enforce-exclusivity\=checked @/Users/daboyuuhteekay/Library/Developer/Xcode/DerivedData/Hype-eecwwfrrtenphngsszsoyttxcdbw/Build/Intermediates.noindex/Hype.build/Debug-iphonesimulator/Hype.build/Objects-normal/x86_64/Hype.SwiftFileList -DDEBUG -Xcc -fmodule-map-file\=/Users/daboyuuhteekay/Library/Developer/Xcode/DerivedData/Hype-eecwwfrrtenphngsszsoyttxcdbw/SourcePackages/checkouts/GRDB.swift/Sources/GRDBSQLite/module.modulemap -default-isolation\=MainActor -enable-bare-slash-regex -enable-upcoming-feature DisableOutwardActorInference -enable-upcoming-feature InferSendableFromCaptures -enable-upcoming-feature GlobalActorIsolatedTypesUsability -enable-upcoming-feature MemberImportVisibility -enable-upcoming-feature InferIsolatedConformances -enable-upcoming-feature NonisolatedNonsendingByDefault -enable-experimental-feature DebugDescriptionMacro -sdk /Applications/Xcode.app/Contents/Developer/Platforms/iPhoneSimulator.platform/Developer/SDKs/iPhoneSimulator26.0.sdk -target x86_64-apple-ios26.0-simulator -g -module-cache-path /Users/daboyuuhteekay/Library/Developer/Xcode/DerivedData/ModuleCache.noindex -Xfrontend -serialize-debugging-options -enable-testing -index-store-path /Users/daboyuuhteekay/Library/Developer/Xcode/DerivedData/Hype-eecwwfrrtenphngsszsoyttxcdbw/Index.noindex/DataStore -Xcc -D_LIBCPP_HARDENING_MODE\=_LIBCPP_HARDENING_MODE_DEBUG -swift-version 5 -I /Users/daboyuuhteekay/Library/Developer/Xcode/DerivedData/Hype-eecwwfrrtenphngsszsoyttxcdbw/Build/Products/Debug-iphonesimulator -F /Users/daboyuuhteekay/Library/Developer/Xcode/DerivedData/Hype-eecwwfrrtenphngsszsoyttxcdbw/Build/Products/Debug-iphonesimulator/PackageFrameworks -F /Users/daboyuuhteekay/Library/Developer/Xcode/DerivedData/Hype-eecwwfrrtenphngsszsoyttxcdbw/Build/Products/Debug-iphonesimulator/PackageFrameworks -F /Users/daboyuuhteekay/Library/Developer/Xcode/DerivedData/Hype-eecwwfrrtenphngsszsoyttxcdbw/Build/Products/Debug-iphonesimulator/PackageFrameworks -F /Users/daboyuuhteekay/Library/Developer/Xcode/DerivedData/Hype-eecwwfrrtenphngsszsoyttxcdbw/Build/Products/Debug-iphonesimulator/PackageFrameworks -F /Users/daboyuuhteekay/Library/Developer/Xcode/DerivedData/Hype-eecwwfrrtenphngsszsoyttxcdbw/Build/Products/Debug-iphonesimulator -emit-localized-strings -emit-localized-strings-path /Users/daboyuuhteekay/Library/Developer/Xcode/DerivedData/Hype-eecwwfrrtenphngsszsoyttxcdbw/Build/Intermediates.noindex/Hype.build/Debug-iphonesimulator/Hype.build/Objects-normal/x86_64 -c -j8 -enable-batch-mode -incremental -Xcc -ivfsstatcache -Xcc /Users/daboyuuhteekay/Library/Developer/Xcode/DerivedData/SDKStatCaches.noindex/iphonesimulator26.0-23A339-3885c01c3e6b6a337905948deab2002e26257891a6c027eb51374368541b8346.sdkstatcache -output-file-map /Users/daboyuuhteekay/Library/Developer/Xcode/DerivedData/Hype-eecwwfrrtenphngsszsoyttxcdbw/Build/Intermediates.noindex/Hype.build/Debug-iphonesimulator/Hype.build/Objects-normal/x86_64/Hype-OutputFileMap.json -use-frontend-parseable-output -save-temps -no-color-diagnostics -explicit-module-build -module-cache-path /Users/daboyuuhteekay/Library/Developer/Xcode/DerivedData/Hype-eecwwfrrtenphngsszsoyttxcdbw/Build/Intermediates.noindex/SwiftExplicitPrecompiledModules -clang-scanner-module-cache-path /Users/daboyuuhteekay/Library/Developer/Xcode/DerivedData/ModuleCache.noindex -sdk-module-cache-path /Users/daboyuuhteekay/Library/Developer/Xcode/DerivedData/ModuleCache.noindex -serialize-diagnostics -emit-dependencies -emit-module -emit-module-path /Users/daboyuuhteekay/Library/Developer/Xcode/DerivedData/Hype-eecwwfrrtenphngsszsoyttxcdbw/Build/Intermediates.noindex/Hype.build/Debug-iphonesimulator/Hype.build/Objects-normal/x86_64/Hype.swiftmodule -validate-clang-modules-once -clang-build-session-file /Users/daboyuuhteekay/Library/Developer/Xcode/DerivedData/ModuleCache.noindex/Session.modulevalidation -Xcc -I/Users/daboyuuhteekay/Library/Developer/Xcode/DerivedData/Hype-eecwwfrrtenphngsszsoyttxcdbw/Build/Intermediates.noindex/Hype.build/Debug-iphonesimulator/Hype.build/swift-overrides.hmap -emit-const-values -Xfrontend -const-gather-protocols-file -Xfrontend /Users/daboyuuhteekay/Library/Developer/Xcode/DerivedData/Hype-eecwwfrrtenphngsszsoyttxcdbw/Build/Intermediates.noindex/Hype.build/Debug-iphonesimulator/Hype.build/Objects-normal/x86_64/Hype_const_extract_protocols.json -Xcc -iquote -Xcc /Users/daboyuuhteekay/Library/Developer/Xcode/DerivedData/Hype-eecwwfrrtenphngsszsoyttxcdbw/Build/Intermediates.noindex/Hype.build/Debug-iphonesimulator/Hype.build/Hype-generated-files.hmap -Xcc -I/Users/daboyuuhteekay/Library/Developer/Xcode/DerivedData/Hype-eecwwfrrtenphngsszsoyttxcdbw/Build/Intermediates.noindex/Hype.build/Debug-iphonesimulator/Hype.build/Hype-own-target-headers.hmap -Xcc -I/Users/daboyuuhteekay/Library/Developer/Xcode/DerivedData/Hype-eecwwfrrtenphngsszsoyttxcdbw/Build/Intermediates.noindex/Hype.build/Debug-iphonesimulator/Hype.build/Hype-all-non-framework-target-headers.hmap -Xcc -ivfsoverlay -Xcc /Users/daboyuuhteekay/Library/Developer/Xcode/DerivedData/Hype-eecwwfrrtenphngsszsoyttxcdbw/Build/Intermediates.noindex/Hype.build/Debug-iphonesimulator/Hype-af363d75bb858fea3606e2be0ac3f840-VFS-iphonesimulator/all-product-headers.yaml -Xcc -iquote -Xcc /Users/daboyuuhteekay/Library/Developer/Xcode/DerivedData/Hype-eecwwfrrtenphngsszsoyttxcdbw/Build/Intermediates.noindex/Hype.build/Debug-iphonesimulator/Hype.build/Hype-project-headers.hmap -Xcc -I/Users/daboyuuhteekay/Library/Developer/Xcode/DerivedData/Hype-eecwwfrrtenphngsszsoyttxcdbw/Build/Products/Debug-iphonesimulator/include -Xcc -I/Users/daboyuuhteekay/Library/Developer/Xcode/DerivedData/Hype-eecwwfrrtenphngsszsoyttxcdbw/Build/Intermediates.noindex/Hype.build/Debug-iphonesimulator/Hype.build/DerivedSources-normal/x86_64 -Xcc -I/Users/daboyuuhteekay/Library/Developer/Xcode/DerivedData/Hype-eecwwfrrtenphngsszsoyttxcdbw/Build/Intermediates.noindex/Hype.build/Debug-iphonesimulator/Hype.build/DerivedSources/x86_64 -Xcc -I/Users/daboyuuhteekay/Library/Developer/Xcode/DerivedData/Hype-eecwwfrrtenphngsszsoyttxcdbw/Build/Intermediates.noindex/Hype.build/Debug-iphonesimulator/Hype.build/DerivedSources -Xcc -DDEBUG\=1 -emit-objc-header -emit-objc-header-path /Users/daboyuuhteekay/Library/Developer/Xcode/DerivedData/Hype-eecwwfrrtenphngsszsoyttxcdbw/Build/Intermediates.noindex/Hype.build/Debug-iphonesimulator/Hype.build/Objects-normal/x86_64/Hype-Swift.h -working-directory /Users/daboyuuhteekay/Desktop/WTK\ STUDIO/Hype -experimental-emit-module-separately -disable-cmo

ProcessInfoPlistFile /Users/daboyuuhteekay/Library/Developer/Xcode/DerivedData/Hype-eecwwfrrtenphngsszsoyttxcdbw/Build/Products/Debug-iphonesimulator/Hype.app/Info.plist /Users/daboyuuhteekay/Desktop/WTK\ STUDIO/Hype/Hype/Info.plist (in target 'Hype' from project 'Hype')
    cd /Users/daboyuuhteekay/Desktop/WTK\ STUDIO/Hype
    builtin-infoPlistUtility /Users/daboyuuhteekay/Desktop/WTK\ STUDIO/Hype/Hype/Info.plist -producttype com.apple.product-type.application -genpkginfo /Users/daboyuuhteekay/Library/Developer/Xcode/DerivedData/Hype-eecwwfrrtenphngsszsoyttxcdbw/Build/Products/Debug-iphonesimulator/Hype.app/PkgInfo -expandbuildsettings -format binary -platform iphonesimulator -additionalcontentfile /Users/daboyuuhteekay/Library/Developer/Xcode/DerivedData/Hype-eecwwfrrtenphngsszsoyttxcdbw/Build/Intermediates.noindex/Hype.build/Debug-iphonesimulator/Hype.build/assetcatalog_generated_info.plist -scanforprivacyfile /Users/daboyuuhteekay/Library/Developer/Xcode/DerivedData/Hype-eecwwfrrtenphngsszsoyttxcdbw/Build/Products/Debug-iphonesimulator/Hype.app/GRDB_GRDB.bundle -scanforprivacyfile /Users/daboyuuhteekay/Library/Developer/Xcode/DerivedData/Hype-eecwwfrrtenphngsszsoyttxcdbw/Build/Products/Debug-iphonesimulator/Hype.app/TikTokOpenSDK_TikTokOpenSDKCore.bundle -scanforprivacyfile /Users/daboyuuhteekay/Library/Developer/Xcode/DerivedData/Hype-eecwwfrrtenphngsszsoyttxcdbw/Build/Products/Debug-iphonesimulator/Hype.app/TikTokOpenSDK_TikTokOpenShareSDK.bundle -o /Users/daboyuuhteekay/Library/Developer/Xcode/DerivedData/Hype-eecwwfrrtenphngsszsoyttxcdbw/Build/Products/Debug-iphonesimulator/Hype.app/Info.plist

SwiftCompile normal x86_64 Compiling\ IntelligenceDashboardView.swift,\ ProScaffoldViews.swift /Users/daboyuuhteekay/Desktop/WTK\ STUDIO/Hype/Hype/UI/Views/Intelligence/IntelligenceDashboardView.swift /Users/daboyuuhteekay/Desktop/WTK\ STUDIO/Hype/Hype/UI/Views/Intelligence/ProScaffoldViews.swift (in target 'Hype' from project 'Hype')

SwiftCompile normal x86_64 /Users/daboyuuhteekay/Desktop/WTK\ STUDIO/Hype/Hype/UI/Views/Intelligence/IntelligenceDashboardView.swift (in target 'Hype' from project 'Hype')
    cd /Users/daboyuuhteekay/Desktop/WTK\ STUDIO/Hype
    

SwiftCompile normal x86_64 /Users/daboyuuhteekay/Desktop/WTK\ STUDIO/Hype/Hype/UI/Views/Intelligence/ProScaffoldViews.swift (in target 'Hype' from project 'Hype')
    cd /Users/daboyuuhteekay/Desktop/WTK\ STUDIO/Hype
    

SwiftEmitModule normal arm64 Emitting\ module\ for\ Hype (in target 'Hype' from project 'Hype')

EmitSwiftModule normal arm64 (in target 'Hype' from project 'Hype')
    cd /Users/daboyuuhteekay/Desktop/WTK\ STUDIO/Hype
    
/Users/daboyuuhteekay/Desktop/WTK STUDIO/Hype/Hype/HypeApp.swift:14:83: warning: 'OpenURLOptionsKey' was deprecated in iOS 26.0: Use UIScene lifecycle and equivalent properties on UISceneOpenURLOptions from a UIOpenURLContext in UIScene.ConnectionOptions.URLContexts instead.
    func application(_ app: UIApplication, open url: URL, options: [UIApplication.OpenURLOptionsKey : Any] = [:]) -> Bool {
                                                                                  ^

SwiftEmitModule normal x86_64 Emitting\ module\ for\ Hype (in target 'Hype' from project 'Hype')

EmitSwiftModule normal x86_64 (in target 'Hype' from project 'Hype')
    cd /Users/daboyuuhteekay/Desktop/WTK\ STUDIO/Hype
    
/Users/daboyuuhteekay/Desktop/WTK STUDIO/Hype/Hype/HypeApp.swift:14:83: warning: 'OpenURLOptionsKey' was deprecated in iOS 26.0: Use UIScene lifecycle and equivalent properties on UISceneOpenURLOptions from a UIOpenURLContext in UIScene.ConnectionOptions.URLContexts instead.
    func application(_ app: UIApplication, open url: URL, options: [UIApplication.OpenURLOptionsKey : Any] = [:]) -> Bool {
                                                                                  ^

SwiftCompile normal arm64 Compiling\ IntelligenceDashboardView.swift,\ ProScaffoldViews.swift /Users/daboyuuhteekay/Desktop/WTK\ STUDIO/Hype/Hype/UI/Views/Intelligence/IntelligenceDashboardView.swift /Users/daboyuuhteekay/Desktop/WTK\ STUDIO/Hype/Hype/UI/Views/Intelligence/ProScaffoldViews.swift (in target 'Hype' from project 'Hype')
SwiftCompile normal arm64 /Users/daboyuuhteekay/Desktop/WTK\ STUDIO/Hype/Hype/UI/Views/Intelligence/IntelligenceDashboardView.swift (in target 'Hype' from project 'Hype')
    cd /Users/daboyuuhteekay/Desktop/WTK\ STUDIO/Hype
    

SwiftCompile normal arm64 /Users/daboyuuhteekay/Desktop/WTK\ STUDIO/Hype/Hype/UI/Views/Intelligence/ProScaffoldViews.swift (in target 'Hype' from project 'Hype')
    cd /Users/daboyuuhteekay/Desktop/WTK\ STUDIO/Hype
    

SwiftCompile normal arm64 Compiling\ PhaseTimelineView.swift,\ TrajectoryPanelView.swift /Users/daboyuuhteekay/Desktop/WTK\ STUDIO/Hype/Hype/UI/Views/Components/PhaseTimelineView.swift /Users/daboyuuhteekay/Desktop/WTK\ STUDIO/Hype/Hype/UI/Views/Components/TrajectoryPanelView.swift (in target 'Hype' from project 'Hype')
SwiftCompile normal arm64 /Users/daboyuuhteekay/Desktop/WTK\ STUDIO/Hype/Hype/UI/Views/Components/PhaseTimelineView.swift (in target 'Hype' from project 'Hype')
    cd /Users/daboyuuhteekay/Desktop/WTK\ STUDIO/Hype
    

SwiftCompile normal arm64 /Users/daboyuuhteekay/Desktop/WTK\ STUDIO/Hype/Hype/UI/Views/Components/TrajectoryPanelView.swift (in target 'Hype' from project 'Hype')
    cd /Users/daboyuuhteekay/Desktop/WTK\ STUDIO/Hype
    

SwiftCompile normal x86_64 Compiling\ AllPostsListView.swift,\ HomeDashboardView.swift /Users/daboyuuhteekay/Desktop/WTK\ STUDIO/Hype/Hype/UI/Views/Home/AllPostsListView.swift /Users/daboyuuhteekay/Desktop/WTK\ STUDIO/Hype/Hype/UI/Views/Home/HomeDashboardView.swift (in target 'Hype' from project 'Hype')

SwiftCompile normal x86_64 /Users/daboyuuhteekay/Desktop/WTK\ STUDIO/Hype/Hype/UI/Views/Home/AllPostsListView.swift (in target 'Hype' from project 'Hype')
    cd /Users/daboyuuhteekay/Desktop/WTK\ STUDIO/Hype
    

SwiftCompile normal x86_64 /Users/daboyuuhteekay/Desktop/WTK\ STUDIO/Hype/Hype/UI/Views/Home/HomeDashboardView.swift (in target 'Hype' from project 'Hype')
    cd /Users/daboyuuhteekay/Desktop/WTK\ STUDIO/Hype
    

SwiftCompile normal arm64 Compiling\ AllPostsListView.swift,\ HomeDashboardView.swift /Users/daboyuuhteekay/Desktop/WTK\ STUDIO/Hype/Hype/UI/Views/Home/AllPostsListView.swift /Users/daboyuuhteekay/Desktop/WTK\ STUDIO/Hype/Hype/UI/Views/Home/HomeDashboardView.swift (in target 'Hype' from project 'Hype')

SwiftCompile normal arm64 /Users/daboyuuhteekay/Desktop/WTK\ STUDIO/Hype/Hype/UI/Views/Home/AllPostsListView.swift (in target 'Hype' from project 'Hype')
    cd /Users/daboyuuhteekay/Desktop/WTK\ STUDIO/Hype
    

SwiftCompile normal arm64 /Users/daboyuuhteekay/Desktop/WTK\ STUDIO/Hype/Hype/UI/Views/Home/HomeDashboardView.swift (in target 'Hype' from project 'Hype')
    cd /Users/daboyuuhteekay/Desktop/WTK\ STUDIO/Hype
    

SwiftCompile normal x86_64 Compiling\ PhaseTimelineView.swift,\ TrajectoryPanelView.swift /Users/daboyuuhteekay/Desktop/WTK\ STUDIO/Hype/Hype/UI/Views/Components/PhaseTimelineView.swift /Users/daboyuuhteekay/Desktop/WTK\ STUDIO/Hype/Hype/UI/Views/Components/TrajectoryPanelView.swift (in target 'Hype' from project 'Hype')

SwiftCompile normal x86_64 /Users/daboyuuhteekay/Desktop/WTK\ STUDIO/Hype/Hype/UI/Views/Components/PhaseTimelineView.swift (in target 'Hype' from project 'Hype')
    cd /Users/daboyuuhteekay/Desktop/WTK\ STUDIO/Hype
    

SwiftCompile normal x86_64 /Users/daboyuuhteekay/Desktop/WTK\ STUDIO/Hype/Hype/UI/Views/Components/TrajectoryPanelView.swift (in target 'Hype' from project 'Hype')
    cd /Users/daboyuuhteekay/Desktop/WTK\ STUDIO/Hype
    

SwiftCompile normal x86_64 Compiling\ AccountDashboardView.swift,\ AlertInboxView.swift /Users/daboyuuhteekay/Desktop/WTK\ STUDIO/Hype/Hype/UI/Views/Account/AccountDashboardView.swift /Users/daboyuuhteekay/Desktop/WTK\ STUDIO/Hype/Hype/UI/Views/Alerts/AlertInboxView.swift (in target 'Hype' from project 'Hype')

SwiftCompile normal x86_64 /Users/daboyuuhteekay/Desktop/WTK\ STUDIO/Hype/Hype/UI/Views/Account/AccountDashboardView.swift (in target 'Hype' from project 'Hype')
    cd /Users/daboyuuhteekay/Desktop/WTK\ STUDIO/Hype
    

SwiftCompile normal x86_64 /Users/daboyuuhteekay/Desktop/WTK\ STUDIO/Hype/Hype/UI/Views/Alerts/AlertInboxView.swift (in target 'Hype' from project 'Hype')
    cd /Users/daboyuuhteekay/Desktop/WTK\ STUDIO/Hype
    

SwiftCompile normal x86_64 Compiling\ ExpandableWhyView.swift,\ LifecycleLineChartView.swift /Users/daboyuuhteekay/Desktop/WTK\ STUDIO/Hype/Hype/UI/Views/Components/ExpandableWhyView.swift /Users/daboyuuhteekay/Desktop/WTK\ STUDIO/Hype/Hype/UI/Views/Components/LifecycleLineChartView.swift (in target 'Hype' from project 'Hype')
Failed frontend command:
/Applications/Xcode.app/Contents/Developer/Toolchains/XcodeDefault.xctoolchain/usr/bin/swift-frontend -frontend -c /Users/daboyuuhteekay/Desktop/WTK\ STUDIO/Hype/Hype/Core/Constants.swift /Users/daboyuuhteekay/Desktop/WTK\ STUDIO/Hype/Hype/Core/FeatureFlags.swift /Users/daboyuuhteekay/Desktop/WTK\ STUDIO/Hype/Hype/Data/Database/DatabaseManager.swift /Users/daboyuuhteekay/Desktop/WTK\ STUDIO/Hype/Hype/Data/Models/AlertModels.swift /Users/daboyuuhteekay/Desktop/WTK\ STUDIO/Hype/Hype/Data/Models/AnalyticsModels.swift /Users/daboyuuhteekay/Desktop/WTK\ STUDIO/Hype/Hype/Data/Models/CoreModels.swift /Users/daboyuuhteekay/Desktop/WTK\ STUDIO/Hype/Hype/Models/AccountDailySnapshot.swift /Users/daboyuuhteekay/Desktop/WTK\ STUDIO/Hype/Hype/Services/Auth/KeychainManager.swift /Users/daboyuuhteekay/Desktop/WTK\ STUDIO/Hype/Hype/Services/Auth/SubscriptionManager.swift /Users/daboyuuhteekay/Desktop/WTK\ STUDIO/Hype/Hype/Services/Network/APIClient.swift /Users/daboyuuhteekay/Desktop/WTK\ STUDIO/Hype/Hype/Services/Network/BackgroundRefreshManager.swift /Users/daboyuuhteekay/Desktop/WTK\ STUDIO/Hype/Hype/Services/Network/NetworkMonitor.swift /Users/daboyuuhteekay/Desktop/WTK\ STUDIO/Hype/Hype/Services/Network/SyncCoordinator.swift /Users/daboyuuhteekay/Desktop/WTK\ STUDIO/Hype/Hype/Services/Network/SyncManager.swift /Users/daboyuuhteekay/Desktop/WTK\ STUDIO/Hype/Hype/Services/Network/TikTokAPIService.swift /Users/daboyuuhteekay/Desktop/WTK\ STUDIO/Hype/Hype/Services/Network/TikTokDTOs.swift /Users/daboyuuhteekay/Desktop/WTK\ STUDIO/Hype/Hype/Services/Scoring/AccountOverallEngine.swift /Users/daboyuuhteekay/Desktop/WTK\ STUDIO/Hype/Hype/Services/Scoring/AlertEngine.swift /Users/daboyuuhteekay/Desktop/WTK\ STUDIO/Hype/Hype/Services/Scoring/AnalyticsEngine.swift /Users/daboyuuhteekay/Desktop/WTK\ STUDIO/Hype/Hype/Services/Scoring/AnalyticsScoringService.swift /Users/daboyuuhteekay/Desktop/WTK\ STUDIO/Hype/Hype/Services/Scoring/BaselineBuilder.swift /Users/daboyuuhteekay/Desktop/WTK\ STUDIO/Hype/Hype/Services/Scoring/DriverModels.swift /Users/daboyuuhteekay/Desktop/WTK\ STUDIO/Hype/Hype/Services/Scoring/DriverPackBuilder.swift /Users/daboyuuhteekay/Desktop/WTK\ STUDIO/Hype/Hype/Services/Scoring/HypeScoringEngine.swift /Users/daboyuuhteekay/Desktop/WTK\ STUDIO/Hype/Hype/Services/Scoring/LifecycleLineBuilder.swift /Users/daboyuuhteekay/Desktop/WTK\ STUDIO/Hype/Hype/Services/Scoring/LifecycleLineModels.swift /Users/daboyuuhteekay/Desktop/WTK\ STUDIO/Hype/Hype/Services/Scoring/PhaseDetector.swift /Users/daboyuuhteekay/Desktop/WTK\ STUDIO/Hype/Hype/Services/Scoring/PredictiveEngine.swift /Users/daboyuuhteekay/Desktop/WTK\ STUDIO/Hype/Hype/Services/Scoring/ReportGenerator.swift /Users/daboyuuhteekay/Desktop/WTK\ STUDIO/Hype/Hype/Services/Scoring/RobustStats.swift /Users/daboyuuhteekay/Desktop/WTK\ STUDIO/Hype/Hype/Services/Scoring/ScoringModels.swift /Users/daboyuuhteekay/Desktop/WTK\ STUDIO/Hype/Hype/Services/Scoring/ScoringProtocols.swift /Users/daboyuuhteekay/Desktop/WTK\ STUDIO/Hype/Hype/Services/Scoring/ScoringTests.swift /Users/daboyuuhteekay/Desktop/WTK\ STUDIO/Hype/Hype/Services/Scoring/TimeBucket+Helpers.swift /Users/daboyuuhteekay/Desktop/WTK\ STUDIO/Hype/Hype/UI/DesignSystem/Color+Theme.swift /Users/daboyuuhteekay/Desktop/WTK\ STUDIO/Hype/Hype/UI/ViewModels/TikTokAuthViewModel.swift /Users/daboyuuhteekay/Desktop/WTK\ STUDIO/Hype/Hype/UI/Views/Account/AccountDashboardView.swift /Users/daboyuuhteekay/Desktop/WTK\ STUDIO/Hype/Hype/UI/Views/Alerts/AlertInboxView.swift /Users/daboyuuhteekay/Desktop/WTK\ STUDIO/Hype/Hype/UI/Views/Components/DistributionLifecycleCard.swift /Users/daboyuuhteekay/Desktop/WTK\ STUDIO/Hype/Hype/UI/Views/Components/DriverCardView.swift -primary-file /Users/daboyuuhteekay/Desktop/WTK\ STUDIO/Hype/Hype/UI/Views/Components/ExpandableWhyView.swift -primary-file /Users/daboyuuhteekay/Desktop/WTK\ STUDIO/Hype/Hype/UI/Views/Components/LifecycleLineChartView.swift /Users/daboyuuhteekay/Desktop/WTK\ STUDIO/Hype/Hype/UI/Views/Components/PhaseTimelineView.swift /Users/daboyuuhteekay/Desktop/WTK\ STUDIO/Hype/Hype/UI/Views/Components/TrajectoryPanelView.swift /Users/daboyuuhteekay/Desktop/WTK\ STUDIO/Hype/Hype/UI/Views/Home/AllPostsListView.swift /Users/daboyuuhteekay/Desktop/WTK\ STUDIO/Hype/Hype/UI/Views/Home/HomeDashboardView.swift /Users/daboyuuhteekay/Desktop/WTK\ STUDIO/Hype/Hype/UI/Views/Intelligence/IntelligenceDashboardView.swift /Users/daboyuuhteekay/Desktop/WTK\ STUDIO/Hype/Hype/UI/Views/Intelligence/ProScaffoldViews.swift /Users/daboyuuhteekay/Desktop/WTK\ STUDIO/Hype/Hype/UI/Views/Onboarding/OnboardingView.swift /Users/daboyuuhteekay/Desktop/WTK\ STUDIO/Hype/Hype/UI/Views/PostDetail/PostDetailView.swift /Users/daboyuuhteekay/Desktop/WTK\ STUDIO/Hype/Hype/UI/Views/Settings/AlertThresholdsView.swift /Users/daboyuuhteekay/Desktop/WTK\ STUDIO/Hype/Hype/UI/Views/Settings/SettingsView.swift /Users/daboyuuhteekay/Desktop/WTK\ STUDIO/Hype/Hype/UI/Views/MainTabView.swift /Users/daboyuuhteekay/Desktop/WTK\ STUDIO/Hype/Hype/Utils/NumberFormatterUtils.swift /Users/daboyuuhteekay/Desktop/WTK\ STUDIO/Hype/Hype/ContentView.swift /Users/daboyuuhteekay/Desktop/WTK\ STUDIO/Hype/Hype/HypeApp.swift /Users/daboyuuhteekay/Library/Developer/Xcode/DerivedData/Hype-eecwwfrrtenphngsszsoyttxcdbw/Build/Intermediates.noindex/Hype.build/Debug-iphonesimulator/Hype.build/DerivedSources/GeneratedAssetSymbols.swift -emit-dependencies-path /Users/daboyuuhteekay/Library/Developer/Xcode/DerivedData/Hype-eecwwfrrtenphngsszsoyttxcdbw/Build/Intermediates.noindex/Hype.build/Debug-iphonesimulator/Hype.build/Objects-normal/x86_64/ExpandableWhyView.d -emit-const-values-path /Users/daboyuuhteekay/Library/Developer/Xcode/DerivedData/Hype-eecwwfrrtenphngsszsoyttxcdbw/Build/Intermediates.noindex/Hype.build/Debug-iphonesimulator/Hype.build/Objects-normal/x86_64/ExpandableWhyView.swiftconstvalues -emit-reference-dependencies-path /Users/daboyuuhteekay/Library/Developer/Xcode/DerivedData/Hype-eecwwfrrtenphngsszsoyttxcdbw/Build/Intermediates.noindex/Hype.build/Debug-iphonesimulator/Hype.build/Objects-normal/x86_64/ExpandableWhyView.swiftdeps -serialize-diagnostics-path /Users/daboyuuhteekay/Library/Developer/Xcode/DerivedData/Hype-eecwwfrrtenphngsszsoyttxcdbw/Build/Intermediates.noindex/Hype.build/Debug-iphonesimulator/Hype.build/Objects-normal/x86_64/ExpandableWhyView.dia -emit-dependencies-path /Users/daboyuuhteekay/Library/Developer/Xcode/DerivedData/Hype-eecwwfrrtenphngsszsoyttxcdbw/Build/Intermediates.noindex/Hype.build/Debug-iphonesimulator/Hype.build/Objects-normal/x86_64/LifecycleLineChartView.d -emit-const-values-path /Users/daboyuuhteekay/Library/Developer/Xcode/DerivedData/Hype-eecwwfrrtenphngsszsoyttxcdbw/Build/Intermediates.noindex/Hype.build/Debug-iphonesimulator/Hype.build/Objects-normal/x86_64/LifecycleLineChartView.swiftconstvalues -emit-reference-dependencies-path /Users/daboyuuhteekay/Library/Developer/Xcode/DerivedData/Hype-eecwwfrrtenphngsszsoyttxcdbw/Build/Intermediates.noindex/Hype.build/Debug-iphonesimulator/Hype.build/Objects-normal/x86_64/LifecycleLineChartView.swiftdeps -serialize-diagnostics-path /Users/daboyuuhteekay/Library/Developer/Xcode/DerivedData/Hype-eecwwfrrtenphngsszsoyttxcdbw/Build/Intermediates.noindex/Hype.build/Debug-iphonesimulator/Hype.build/Objects-normal/x86_64/LifecycleLineChartView.dia -emit-localized-strings -emit-localized-strings-path /Users/daboyuuhteekay/Library/Developer/Xcode/DerivedData/Hype-eecwwfrrtenphngsszsoyttxcdbw/Build/Intermediates.noindex/Hype.build/Debug-iphonesimulator/Hype.build/Objects-normal/x86_64 -target x86_64-apple-ios26.0-simulator -module-can-import-version DeveloperToolsSupport 23.0.4 23.0.4 -module-can-import-version SwiftUI 7.0.84.1 7.0.84 -module-can-import-version UIKit 9088.1.113 9088.1.113 -load-resolved-plugin /Applications/Xcode.app/Contents/Developer/Platforms/iPhoneOS.platform/Developer/usr/lib/swift/host/plugins/libFoundationMacros.dylib\#/Applications/Xcode.app/Contents/Developer/Platforms/iPhoneOS.platform/Developer/usr/bin/swift-plugin-server\#FoundationMacros -load-resolved-plugin /Applications/Xcode.app/Contents/Developer/Platforms/iPhoneOS.platform/Developer/usr/lib/swift/host/plugins/libObservationMacros.dylib\#/Applications/Xcode.app/Contents/Developer/Platforms/iPhoneOS.platform/Developer/usr/bin/swift-plugin-server\#ObservationMacros -load-resolved-plugin /Applications/Xcode.app/Contents/Developer/Platforms/iPhoneOS.platform/Developer/usr/lib/swift/host/plugins/libPreviewsMacros.dylib\#/Applications/Xcode.app/Contents/Developer/Platforms/iPhoneOS.platform/Developer/usr/bin/swift-plugin-server\#PreviewsMacros -load-resolved-plugin /Applications/Xcode.app/Contents/Developer/Platforms/iPhoneOS.platform/Developer/usr/lib/swift/host/plugins/libSwiftMacros.dylib\#/Applications/Xcode.app/Contents/Developer/Platforms/iPhoneOS.platform/Developer/usr/bin/swift-plugin-server\#SwiftMacros -load-resolved-plugin /Applications/Xcode.app/Contents/Developer/Platforms/iPhoneOS.platform/Developer/usr/lib/swift/host/plugins/libSwiftUIMacros.dylib\#/Applications/Xcode.app/Contents/Developer/Platforms/iPhoneOS.platform/Developer/usr/bin/swift-plugin-server\#SwiftUIMacros -disable-implicit-swift-modules -Xcc -fno-implicit-modules -Xcc -fno-implicit-module-maps -explicit-swift-module-map-file /Users/daboyuuhteekay/Library/Developer/Xcode/DerivedData/Hype-eecwwfrrtenphngsszsoyttxcdbw/Build/Intermediates.noindex/Hype.build/Debug-iphonesimulator/Hype.build/Objects-normal/x86_64/Hype-dependencies-2.json -enable-objc-interop -sdk /Applications/Xcode.app/Contents/Developer/Platforms/iPhoneSimulator.platform/Developer/SDKs/iPhoneSimulator26.0.sdk -I /Users/daboyuuhteekay/Library/Developer/Xcode/DerivedData/Hype-eecwwfrrtenphngsszsoyttxcdbw/Build/Products/Debug-iphonesimulator -F /Users/daboyuuhteekay/Library/Developer/Xcode/DerivedData/Hype-eecwwfrrtenphngsszsoyttxcdbw/Build/Products/Debug-iphonesimulator/PackageFrameworks -F /Users/daboyuuhteekay/Library/Developer/Xcode/DerivedData/Hype-eecwwfrrtenphngsszsoyttxcdbw/Build/Products/Debug-iphonesimulator/PackageFrameworks -F /Users/daboyuuhteekay/Library/Developer/Xcode/DerivedData/Hype-eecwwfrrtenphngsszsoyttxcdbw/Build/Products/Debug-iphonesimulator/PackageFrameworks -F /Users/daboyuuhteekay/Library/Developer/Xcode/DerivedData/Hype-eecwwfrrtenphngsszsoyttxcdbw/Build/Products/Debug-iphonesimulator/PackageFrameworks -F /Users/daboyuuhteekay/Library/Developer/Xcode/DerivedData/Hype-eecwwfrrtenphngsszsoyttxcdbw/Build/Products/Debug-iphonesimulator -no-color-diagnostics -Xcc -fno-color-diagnostics -enable-testing -g -debug-info-format\=dwarf -dwarf-version\=5 -module-cache-path /Users/daboyuuhteekay/Library/Developer/Xcode/DerivedData/Hype-eecwwfrrtenphngsszsoyttxcdbw/Build/Intermediates.noindex/SwiftExplicitPrecompiledModules -swift-version 5 -enforce-exclusivity\=checked -Onone -D DEBUG -serialize-debugging-options -const-gather-protocols-file /Users/daboyuuhteekay/Library/Developer/Xcode/DerivedData/Hype-eecwwfrrtenphngsszsoyttxcdbw/Build/Intermediates.noindex/Hype.build/Debug-iphonesimulator/Hype.build/Objects-normal/x86_64/Hype_const_extract_protocols.json -enable-upcoming-feature DisableOutwardActorInference -enable-upcoming-feature InferSendableFromCaptures -enable-upcoming-feature GlobalActorIsolatedTypesUsability -enable-upcoming-feature MemberImportVisibility -enable-upcoming-feature InferIsolatedConformances -enable-upcoming-feature NonisolatedNonsendingByDefault -enable-experimental-feature DebugDescriptionMacro -enable-bare-slash-regex -default-isolation\=MainActor -empty-abi-descriptor -validate-clang-modules-once -clang-build-session-file /Users/daboyuuhteekay/Library/Developer/Xcode/DerivedData/ModuleCache.noindex/Session.modulevalidation -Xcc -working-directory -Xcc /Users/daboyuuhteekay/Desktop/WTK\ STUDIO/Hype -enable-anonymous-context-mangled-names -file-compilation-dir /Users/daboyuuhteekay/Desktop/WTK\ STUDIO/Hype -Xcc -fmodule-map-file\=/Users/daboyuuhteekay/Library/Developer/Xcode/DerivedData/Hype-eecwwfrrtenphngsszsoyttxcdbw/SourcePackages/checkouts/GRDB.swift/Sources/GRDBSQLite/module.modulemap -Xcc -D_LIBCPP_HARDENING_MODE\=_LIBCPP_HARDENING_MODE_DEBUG -Xcc -ivfsstatcache -Xcc /Users/daboyuuhteekay/Library/Developer/Xcode/DerivedData/SDKStatCaches.noindex/iphonesimulator26.0-23A339-3885c01c3e6b6a337905948deab2002e26257891a6c027eb51374368541b8346.sdkstatcache -Xcc -I/Users/daboyuuhteekay/Library/Developer/Xcode/DerivedData/Hype-eecwwfrrtenphngsszsoyttxcdbw/Build/Intermediates.noindex/Hype.build/Debug-iphonesimulator/Hype.build/swift-overrides.hmap -Xcc -iquote -Xcc /Users/daboyuuhteekay/Library/Developer/Xcode/DerivedData/Hype-eecwwfrrtenphngsszsoyttxcdbw/Build/Intermediates.noindex/Hype.build/Debug-iphonesimulator/Hype.build/Hype-generated-files.hmap -Xcc -I/Users/daboyuuhteekay/Library/Developer/Xcode/DerivedData/Hype-eecwwfrrtenphngsszsoyttxcdbw/Build/Intermediates.noindex/Hype.build/Debug-iphonesimulator/Hype.build/Hype-own-target-headers.hmap -Xcc -I/Users/daboyuuhteekay/Library/Developer/Xcode/DerivedData/Hype-eecwwfrrtenphngsszsoyttxcdbw/Build/Intermediates.noindex/Hype.build/Debug-iphonesimulator/Hype.build/Hype-all-non-framework-target-headers.hmap -Xcc -ivfsoverlay -Xcc /Users/daboyuuhteekay/Library/Developer/Xcode/DerivedData/Hype-eecwwfrrtenphngsszsoyttxcdbw/Build/Intermediates.noindex/Hype.build/Debug-iphonesimulator/Hype-af363d75bb858fea3606e2be0ac3f840-VFS-iphonesimulator/all-product-headers.yaml -Xcc -iquote -Xcc /Users/daboyuuhteekay/Library/Developer/Xcode/DerivedData/Hype-eecwwfrrtenphngsszsoyttxcdbw/Build/Intermediates.noindex/Hype.build/Debug-iphonesimulator/Hype.build/Hype-project-headers.hmap -Xcc -I/Users/daboyuuhteekay/Library/Developer/Xcode/DerivedData/Hype-eecwwfrrtenphngsszsoyttxcdbw/Build/Products/Debug-iphonesimulator/include -Xcc -I/Users/daboyuuhteekay/Library/Developer/Xcode/DerivedData/Hype-eecwwfrrtenphngsszsoyttxcdbw/Build/Intermediates.noindex/Hype.build/Debug-iphonesimulator/Hype.build/DerivedSources-normal/x86_64 -Xcc -I/Users/daboyuuhteekay/Library/Developer/Xcode/DerivedData/Hype-eecwwfrrtenphngsszsoyttxcdbw/Build/Intermediates.noindex/Hype.build/Debug-iphonesimulator/Hype.build/DerivedSources/x86_64 -Xcc -I/Users/daboyuuhteekay/Library/Developer/Xcode/DerivedData/Hype-eecwwfrrtenphngsszsoyttxcdbw/Build/Intermediates.noindex/Hype.build/Debug-iphonesimulator/Hype.build/DerivedSources -Xcc -DDEBUG\=1 -no-auto-bridging-header-chaining -module-name Hype -frontend-parseable-output -disable-clang-spi -target-sdk-version 26.0 -target-sdk-name iphonesimulator26.0 -clang-target x86_64-apple-ios26.0-simulator -in-process-plugin-server-path /Applications/Xcode.app/Contents/Developer/Toolchains/XcodeDefault.xctoolchain/usr/lib/swift/host/libSwiftInProcPluginServer.dylib -o /Users/daboyuuhteekay/Library/Developer/Xcode/DerivedData/Hype-eecwwfrrtenphngsszsoyttxcdbw/Build/Intermediates.noindex/Hype.build/Debug-iphonesimulator/Hype.build/Objects-normal/x86_64/ExpandableWhyView.o -o /Users/daboyuuhteekay/Library/Developer/Xcode/DerivedData/Hype-eecwwfrrtenphngsszsoyttxcdbw/Build/Intermediates.noindex/Hype.build/Debug-iphonesimulator/Hype.build/Objects-normal/x86_64/LifecycleLineChartView.o -index-unit-output-path /Hype.build/Debug-iphonesimulator/Hype.build/Objects-normal/x86_64/ExpandableWhyView.o -index-unit-output-path /Hype.build/Debug-iphonesimulator/Hype.build/Objects-normal/x86_64/LifecycleLineChartView.o -index-store-path /Users/daboyuuhteekay/Library/Developer/Xcode/DerivedData/Hype-eecwwfrrtenphngsszsoyttxcdbw/Index.noindex/DataStore -index-system-modules

SwiftCompile normal x86_64 /Users/daboyuuhteekay/Desktop/WTK\ STUDIO/Hype/Hype/UI/Views/Components/ExpandableWhyView.swift (in target 'Hype' from project 'Hype')
    cd /Users/daboyuuhteekay/Desktop/WTK\ STUDIO/Hype
    

SwiftCompile normal x86_64 /Users/daboyuuhteekay/Desktop/WTK\ STUDIO/Hype/Hype/UI/Views/Components/LifecycleLineChartView.swift (in target 'Hype' from project 'Hype')
    cd /Users/daboyuuhteekay/Desktop/WTK\ STUDIO/Hype
    
/Users/daboyuuhteekay/Desktop/WTK STUDIO/Hype/Hype/UI/Views/Components/LifecycleLineChartView.swift:12:22: error: value of type 'LifecycleLineModel' has no member 'totalAgeMin'
            if model.totalAgeMin <= 0 || w <= 0 || h <= 0 {
               ~~~~~ ^~~~~~~~~~~

SwiftCompile normal x86_64 Compiling\ DistributionLifecycleCard.swift,\ DriverCardView.swift /Users/daboyuuhteekay/Desktop/WTK\ STUDIO/Hype/Hype/UI/Views/Components/DistributionLifecycleCard.swift /Users/daboyuuhteekay/Desktop/WTK\ STUDIO/Hype/Hype/UI/Views/Components/DriverCardView.swift (in target 'Hype' from project 'Hype')

SwiftCompile normal x86_64 /Users/daboyuuhteekay/Desktop/WTK\ STUDIO/Hype/Hype/UI/Views/Components/DistributionLifecycleCard.swift (in target 'Hype' from project 'Hype')
    cd /Users/daboyuuhteekay/Desktop/WTK\ STUDIO/Hype
    

SwiftCompile normal x86_64 /Users/daboyuuhteekay/Desktop/WTK\ STUDIO/Hype/Hype/UI/Views/Components/DriverCardView.swift (in target 'Hype' from project 'Hype')
    cd /Users/daboyuuhteekay/Desktop/WTK\ STUDIO/Hype
    

SwiftDriverJobDiscovery normal x86_64 Compiling IntelligenceDashboardView.swift, ProScaffoldViews.swift (in target 'Hype' from project 'Hype')

SwiftCompile normal x86_64 Compiling\ MainTabView.swift /Users/daboyuuhteekay/Desktop/WTK\ STUDIO/Hype/Hype/UI/Views/MainTabView.swift (in target 'Hype' from project 'Hype')

SwiftCompile normal x86_64 /Users/daboyuuhteekay/Desktop/WTK\ STUDIO/Hype/Hype/UI/Views/MainTabView.swift (in target 'Hype' from project 'Hype')
    cd /Users/daboyuuhteekay/Desktop/WTK\ STUDIO/Hype
    

SwiftDriverJobDiscovery normal arm64 Compiling IntelligenceDashboardView.swift, ProScaffoldViews.swift (in target 'Hype' from project 'Hype')

SwiftCompile normal arm64 Compiling\ MainTabView.swift /Users/daboyuuhteekay/Desktop/WTK\ STUDIO/Hype/Hype/UI/Views/MainTabView.swift (in target 'Hype' from project 'Hype')

** BUILD FAILED **


The following build commands failed:
	SwiftCompile normal x86_64 Compiling\ ExpandableWhyView.swift,\ LifecycleLineChartView.swift /Users/daboyuuhteekay/Desktop/WTK\ STUDIO/Hype/Hype/UI/Views/Components/ExpandableWhyView.swift /Users/daboyuuhteekay/Desktop/WTK\ STUDIO/Hype/Hype/UI/Views/Components/LifecycleLineChartView.swift (in target 'Hype' from project 'Hype')
	SwiftCompile normal x86_64 /Users/daboyuuhteekay/Desktop/WTK\ STUDIO/Hype/Hype/UI/Views/Components/LifecycleLineChartView.swift (in target 'Hype' from project 'Hype')
	Building project Hype with scheme Hype and configuration Debug
(3 failures)
